<?xml version="1.0" encoding="UTF-8"?>
<robot generator="Robot 4.1.3 (Python 3.8.6 on win32)" generated="20220316 09:39:04.818" rpa="false" schemaversion="2">
<suite id="s1" name="Cases" source="C:\AutomationTrainning\cases.robot">
<test id="s1-t1" name="Caso01: Manipulando variável simples">
<kw name="Set Variable" library="BuiltIn">
<var>${nome}</var>
<arg>Caio</arg>
<doc>Returns the given values which can then be assigned to a variables.</doc>
<msg timestamp="20220316 09:39:04.880" level="INFO">${nome} = Caio</msg>
<status status="PASS" starttime="20220316 09:39:04.878" endtime="20220316 09:39:04.880"/>
</kw>
<kw name="Set Variable" library="BuiltIn">
<var>${sobrenome}</var>
<arg>Monsores</arg>
<doc>Returns the given values which can then be assigned to a variables.</doc>
<msg timestamp="20220316 09:39:04.881" level="INFO">${sobrenome} = Monsores</msg>
<status status="PASS" starttime="20220316 09:39:04.881" endtime="20220316 09:39:04.882"/>
</kw>
<kw name="Log To Console" library="BuiltIn">
<arg>${nome}</arg>
<doc>Logs the given message to the console.</doc>
<status status="PASS" starttime="20220316 09:39:04.882" endtime="20220316 09:39:04.894"/>
</kw>
<kw name="Log To Console" library="BuiltIn">
<arg>${sobrenome}</arg>
<doc>Logs the given message to the console.</doc>
<status status="PASS" starttime="20220316 09:39:04.894" endtime="20220316 09:39:04.896"/>
</kw>
<tag>NomeSobrenome</tag>
<status status="PASS" starttime="20220316 09:39:04.877" endtime="20220316 09:39:04.897"/>
</test>
<test id="s1-t2" name="Caso02: Manipulando variável simples">
<kw name="Set Variable" library="BuiltIn">
<var>${nome}</var>
<arg>Caio</arg>
<doc>Returns the given values which can then be assigned to a variables.</doc>
<msg timestamp="20220316 09:39:04.906" level="INFO">${nome} = Caio</msg>
<status status="PASS" starttime="20220316 09:39:04.906" endtime="20220316 09:39:04.906"/>
</kw>
<kw name="Log To Console" library="BuiltIn">
<arg>${nome}</arg>
<doc>Logs the given message to the console.</doc>
<status status="PASS" starttime="20220316 09:39:04.907" endtime="20220316 09:39:04.912"/>
</kw>
<tag>nome</tag>
<status status="PASS" starttime="20220316 09:39:04.904" endtime="20220316 09:39:04.913"/>
</test>
<test id="s1-t3" name="Caso03: Manipulando Lista Alunos">
<kw name="Log To Console" library="BuiltIn">
<arg>${Alunos}</arg>
<doc>Logs the given message to the console.</doc>
<status status="PASS" starttime="20220316 09:39:04.922" endtime="20220316 09:39:04.925"/>
</kw>
<kw name="Log To Console" library="BuiltIn">
<arg>${Alunos[2]}</arg>
<doc>Logs the given message to the console.</doc>
<status status="PASS" starttime="20220316 09:39:04.927" endtime="20220316 09:39:04.929"/>
</kw>
<tag>listaalunos</tag>
<status status="PASS" starttime="20220316 09:39:04.921" endtime="20220316 09:39:04.938"/>
</test>
<test id="s1-t4" name="Caso03: Manipulando Lista Frutas">
<kw name="Log To Console" library="BuiltIn">
<arg>${Frutas}</arg>
<doc>Logs the given message to the console.</doc>
<status status="PASS" starttime="20220316 09:39:04.946" endtime="20220316 09:39:04.955"/>
</kw>
<tag>listaFrutas</tag>
<status status="PASS" starttime="20220316 09:39:04.945" endtime="20220316 09:39:04.956"/>
</test>
<test id="s1-t5" name="Caso04: Manipulando Dicionarios">
<kw name="Log To Console" library="BuiltIn">
<arg>${Carros.nome2}</arg>
<doc>Logs the given message to the console.</doc>
<status status="PASS" starttime="20220316 09:39:04.966" endtime="20220316 09:39:04.973"/>
</kw>
<kw name="Log To Console" library="BuiltIn">
<arg>${Carros.nome1}</arg>
<doc>Logs the given message to the console.</doc>
<status status="PASS" starttime="20220316 09:39:04.974" endtime="20220316 09:39:04.985"/>
</kw>
<tag>Dicionario</tag>
<status status="PASS" starttime="20220316 09:39:04.964" endtime="20220316 09:39:04.986"/>
</test>
<test id="s1-t6" name="Caso05: Indentificando posição de item numa lista">
<kw name="Get Index From List" library="Collections">
<var>${index}</var>
<arg>${Alunos}</arg>
<arg>Carlos</arg>
<doc>Returns the index of the first occurrence of the ``value`` on the list.</doc>
<msg timestamp="20220316 09:39:04.993" level="INFO">${index} = 1</msg>
<status status="PASS" starttime="20220316 09:39:04.992" endtime="20220316 09:39:04.993"/>
</kw>
<kw name="Log To Console" library="BuiltIn">
<arg>${index}</arg>
<doc>Logs the given message to the console.</doc>
<status status="PASS" starttime="20220316 09:39:04.993" endtime="20220316 09:39:05.001"/>
</kw>
<tag>posiçãodalista</tag>
<status status="PASS" starttime="20220316 09:39:04.991" endtime="20220316 09:39:05.002"/>
</test>
<test id="s1-t7" name="Caso06: Alterando itens da lista Alunos">
<kw name="Get Index From List" library="Collections">
<var>${index}</var>
<arg>${Alunos}</arg>
<arg>Carlos</arg>
<doc>Returns the index of the first occurrence of the ``value`` on the list.</doc>
<msg timestamp="20220316 09:39:05.009" level="INFO">${index} = 1</msg>
<status status="PASS" starttime="20220316 09:39:05.008" endtime="20220316 09:39:05.009"/>
</kw>
<kw name="Set List Value" library="Collections">
<arg>${Alunos}</arg>
<arg>${index}</arg>
<arg>Lucia</arg>
<doc>Sets the value of ``list`` specified by ``index`` to the given ``value``.</doc>
<status status="PASS" starttime="20220316 09:39:05.010" endtime="20220316 09:39:05.012"/>
</kw>
<kw name="Log To Console" library="BuiltIn">
<arg>${Alunos}</arg>
<doc>Logs the given message to the console.</doc>
<status status="PASS" starttime="20220316 09:39:05.013" endtime="20220316 09:39:05.014"/>
</kw>
<tag>Alteraritem</tag>
<status status="PASS" starttime="20220316 09:39:05.006" endtime="20220316 09:39:05.016"/>
</test>
<test id="s1-t8" name="Caso07: Somando dois numeros">
<kw name="Somar dois numeros">
<var>${Resultado}</var>
<arg>10</arg>
<arg>10</arg>
<kw name="Evaluate" library="BuiltIn">
<var>${soma}</var>
<arg>${num_a}+${num_b}</arg>
<doc>Evaluates the given expression in Python and returns the result.</doc>
<msg timestamp="20220316 09:39:05.022" level="INFO">${soma} = 20</msg>
<status status="PASS" starttime="20220316 09:39:05.021" endtime="20220316 09:39:05.022"/>
</kw>
<msg timestamp="20220316 09:39:05.023" level="INFO">${Resultado} = 20</msg>
<status status="PASS" starttime="20220316 09:39:05.020" endtime="20220316 09:39:05.023"/>
</kw>
<kw name="Log To Console" library="BuiltIn">
<arg>${Resultado}</arg>
<doc>Logs the given message to the console.</doc>
<status status="PASS" starttime="20220316 09:39:05.024" endtime="20220316 09:39:05.028"/>
</kw>
<tag>soma</tag>
<status status="PASS" starttime="20220316 09:39:05.019" endtime="20220316 09:39:05.030"/>
</test>
<test id="s1-t9" name="Caso08: Dividir dois numeros">
<kw name="Dividir dois numeros">
<var>${Resultado}</var>
<arg>50</arg>
<arg>100</arg>
<msg timestamp="20220316 09:39:05.061" level="FAIL">No keyword with name 'Dividir dois numeros' found.</msg>
<status status="FAIL" starttime="20220316 09:39:05.060" endtime="20220316 09:39:05.061"/>
</kw>
<kw name="Log To Console" library="BuiltIn">
<arg>${Resultado}</arg>
<doc>Logs the given message to the console.</doc>
<status status="NOT RUN" starttime="20220316 09:39:05.063" endtime="20220316 09:39:05.063"/>
</kw>
<tag>dividir</tag>
<status status="FAIL" starttime="20220316 09:39:05.055" endtime="20220316 09:39:05.063">No keyword with name 'Dividir dois numeros' found.</status>
</test>
<doc>Lista de exercicos do material</doc>
<status status="FAIL" starttime="20220316 09:39:04.821" endtime="20220316 09:39:05.068"/>
</suite>
<statistics>
<total>
<stat pass="8" fail="1" skip="0">All Tests</stat>
</total>
<tag>
<stat pass="1" fail="0" skip="0">Alteraritem</stat>
<stat pass="1" fail="0" skip="0">Dicionario</stat>
<stat pass="0" fail="1" skip="0">dividir</stat>
<stat pass="1" fail="0" skip="0">listaalunos</stat>
<stat pass="1" fail="0" skip="0">listaFrutas</stat>
<stat pass="1" fail="0" skip="0">nome</stat>
<stat pass="1" fail="0" skip="0">NomeSobrenome</stat>
<stat pass="1" fail="0" skip="0">posiçãodalista</stat>
<stat pass="1" fail="0" skip="0">soma</stat>
</tag>
<suite>
<stat pass="8" fail="1" skip="0" id="s1" name="Cases">Cases</stat>
</suite>
</statistics>
<errors>
</errors>
</robot>
