<?xml version="1.0" encoding="UTF-8"?>
<robot generator="Robot 4.1.3 (Python 3.8.6 on win32)" generated="20220316 20:22:23.780" rpa="false" schemaversion="2">
<suite id="s1" name="Listaalunos" source="C:\AutomationTrainning\listaalunos.robot">
<test id="s1-t1" name="Caso01: Lendo minha lista de Alunos">
<for flavor="IN">
<var>${item}</var>
<value>@{Alunos}</value>
<iter>
<var name="${item}">Carlos</var>
<kw name="Log To Console" library="BuiltIn">
<arg>Exibindo meus Alunos:${item}</arg>
<doc>Logs the given message to the console.</doc>
<status status="PASS" starttime="20220316 20:22:23.881" endtime="20220316 20:22:23.883"/>
</kw>
<status status="PASS" starttime="20220316 20:22:23.880" endtime="20220316 20:22:23.883"/>
</iter>
<iter>
<var name="${item}">Marcos</var>
<kw name="Log To Console" library="BuiltIn">
<arg>Exibindo meus Alunos:${item}</arg>
<doc>Logs the given message to the console.</doc>
<status status="PASS" starttime="20220316 20:22:23.885" endtime="20220316 20:22:23.886"/>
</kw>
<status status="PASS" starttime="20220316 20:22:23.883" endtime="20220316 20:22:23.887"/>
</iter>
<iter>
<var name="${item}">Maria</var>
<kw name="Log To Console" library="BuiltIn">
<arg>Exibindo meus Alunos:${item}</arg>
<doc>Logs the given message to the console.</doc>
<status status="PASS" starttime="20220316 20:22:23.887" endtime="20220316 20:22:23.901"/>
</kw>
<status status="PASS" starttime="20220316 20:22:23.887" endtime="20220316 20:22:23.901"/>
</iter>
<iter>
<var name="${item}">Marcela</var>
<kw name="Log To Console" library="BuiltIn">
<arg>Exibindo meus Alunos:${item}</arg>
<doc>Logs the given message to the console.</doc>
<status status="PASS" starttime="20220316 20:22:23.902" endtime="20220316 20:22:23.903"/>
</kw>
<status status="PASS" starttime="20220316 20:22:23.902" endtime="20220316 20:22:23.903"/>
</iter>
<iter>
<var name="${item}">Joana</var>
<kw name="Log To Console" library="BuiltIn">
<arg>Exibindo meus Alunos:${item}</arg>
<doc>Logs the given message to the console.</doc>
<status status="PASS" starttime="20220316 20:22:23.904" endtime="20220316 20:22:23.913"/>
</kw>
<status status="PASS" starttime="20220316 20:22:23.903" endtime="20220316 20:22:23.913"/>
</iter>
<status status="PASS" starttime="20220316 20:22:23.870" endtime="20220316 20:22:23.913"/>
</for>
<tag>listaalunos</tag>
<status status="PASS" starttime="20220316 20:22:23.866" endtime="20220316 20:22:23.918"/>
</test>
<test id="s1-t2" name="Caso02: lendo minha lista de Frutas">
<for flavor="IN">
<var>${item}</var>
<value>@{frutas}</value>
<iter>
<var name="${item}">Banana</var>
<kw name="Log To Console" library="BuiltIn">
<arg>Exibindo minhas frutas:${item}</arg>
<doc>Logs the given message to the console.</doc>
<status status="PASS" starttime="20220316 20:22:23.928" endtime="20220316 20:22:23.932"/>
</kw>
<status status="PASS" starttime="20220316 20:22:23.927" endtime="20220316 20:22:23.933"/>
</iter>
<iter>
<var name="${item}">Maça</var>
<kw name="Log To Console" library="BuiltIn">
<arg>Exibindo minhas frutas:${item}</arg>
<doc>Logs the given message to the console.</doc>
<status status="PASS" starttime="20220316 20:22:23.933" endtime="20220316 20:22:23.936"/>
</kw>
<status status="PASS" starttime="20220316 20:22:23.933" endtime="20220316 20:22:23.938"/>
</iter>
<iter>
<var name="${item}">Manga</var>
<kw name="Log To Console" library="BuiltIn">
<arg>Exibindo minhas frutas:${item}</arg>
<doc>Logs the given message to the console.</doc>
<status status="PASS" starttime="20220316 20:22:23.938" endtime="20220316 20:22:23.949"/>
</kw>
<status status="PASS" starttime="20220316 20:22:23.938" endtime="20220316 20:22:23.949"/>
</iter>
<iter>
<var name="${item}">Morango</var>
<kw name="Log To Console" library="BuiltIn">
<arg>Exibindo minhas frutas:${item}</arg>
<doc>Logs the given message to the console.</doc>
<status status="PASS" starttime="20220316 20:22:23.957" endtime="20220316 20:22:23.970"/>
</kw>
<status status="PASS" starttime="20220316 20:22:23.950" endtime="20220316 20:22:23.970"/>
</iter>
<status status="PASS" starttime="20220316 20:22:23.926" endtime="20220316 20:22:23.970"/>
</for>
<tag>listafrutas</tag>
<status status="PASS" starttime="20220316 20:22:23.922" endtime="20220316 20:22:23.983"/>
</test>
<test id="s1-t3" name="Caso03: Contando numeros de 0 a 9">
<for flavor="IN RANGE">
<var>${Count}</var>
<value>0</value>
<value>9</value>
<iter>
<var name="${Count}">0</var>
<kw name="Log To Console" library="BuiltIn">
<arg>Numero:${Count}</arg>
<doc>Logs the given message to the console.</doc>
<status status="PASS" starttime="20220316 20:22:24.031" endtime="20220316 20:22:24.046"/>
</kw>
<status status="PASS" starttime="20220316 20:22:24.031" endtime="20220316 20:22:24.046"/>
</iter>
<iter>
<var name="${Count}">1</var>
<kw name="Log To Console" library="BuiltIn">
<arg>Numero:${Count}</arg>
<doc>Logs the given message to the console.</doc>
<status status="PASS" starttime="20220316 20:22:24.046" endtime="20220316 20:22:24.053"/>
</kw>
<status status="PASS" starttime="20220316 20:22:24.046" endtime="20220316 20:22:24.054"/>
</iter>
<iter>
<var name="${Count}">2</var>
<kw name="Log To Console" library="BuiltIn">
<arg>Numero:${Count}</arg>
<doc>Logs the given message to the console.</doc>
<status status="PASS" starttime="20220316 20:22:24.065" endtime="20220316 20:22:24.070"/>
</kw>
<status status="PASS" starttime="20220316 20:22:24.054" endtime="20220316 20:22:24.071"/>
</iter>
<iter>
<var name="${Count}">3</var>
<kw name="Log To Console" library="BuiltIn">
<arg>Numero:${Count}</arg>
<doc>Logs the given message to the console.</doc>
<status status="PASS" starttime="20220316 20:22:24.076" endtime="20220316 20:22:24.082"/>
</kw>
<status status="PASS" starttime="20220316 20:22:24.076" endtime="20220316 20:22:24.082"/>
</iter>
<iter>
<var name="${Count}">4</var>
<kw name="Log To Console" library="BuiltIn">
<arg>Numero:${Count}</arg>
<doc>Logs the given message to the console.</doc>
<status status="PASS" starttime="20220316 20:22:24.083" endtime="20220316 20:22:24.085"/>
</kw>
<status status="PASS" starttime="20220316 20:22:24.082" endtime="20220316 20:22:24.085"/>
</iter>
<iter>
<var name="${Count}">5</var>
<kw name="Log To Console" library="BuiltIn">
<arg>Numero:${Count}</arg>
<doc>Logs the given message to the console.</doc>
<status status="PASS" starttime="20220316 20:22:24.086" endtime="20220316 20:22:24.091"/>
</kw>
<status status="PASS" starttime="20220316 20:22:24.085" endtime="20220316 20:22:24.091"/>
</iter>
<iter>
<var name="${Count}">6</var>
<kw name="Log To Console" library="BuiltIn">
<arg>Numero:${Count}</arg>
<doc>Logs the given message to the console.</doc>
<status status="PASS" starttime="20220316 20:22:24.092" endtime="20220316 20:22:24.096"/>
</kw>
<status status="PASS" starttime="20220316 20:22:24.091" endtime="20220316 20:22:24.096"/>
</iter>
<iter>
<var name="${Count}">7</var>
<kw name="Log To Console" library="BuiltIn">
<arg>Numero:${Count}</arg>
<doc>Logs the given message to the console.</doc>
<status status="PASS" starttime="20220316 20:22:24.097" endtime="20220316 20:22:24.100"/>
</kw>
<status status="PASS" starttime="20220316 20:22:24.097" endtime="20220316 20:22:24.100"/>
</iter>
<iter>
<var name="${Count}">8</var>
<kw name="Log To Console" library="BuiltIn">
<arg>Numero:${Count}</arg>
<doc>Logs the given message to the console.</doc>
<status status="PASS" starttime="20220316 20:22:24.103" endtime="20220316 20:22:24.107"/>
</kw>
<status status="PASS" starttime="20220316 20:22:24.100" endtime="20220316 20:22:24.107"/>
</iter>
<status status="PASS" starttime="20220316 20:22:24.030" endtime="20220316 20:22:24.107"/>
</for>
<tag>contador</tag>
<status status="PASS" starttime="20220316 20:22:24.015" endtime="20220316 20:22:24.109"/>
</test>
<test id="s1-t4" name="Case04:Contando com Keywords de 0 a 9">
<kw name="[Tags] contador2">
<msg timestamp="20220316 20:22:24.128" level="FAIL">No keyword with name '[Tags] contador2' found.</msg>
<status status="FAIL" starttime="20220316 20:22:24.128" endtime="20220316 20:22:24.128"/>
</kw>
<kw name="Contar de 0 a 9">
<status status="NOT RUN" starttime="20220316 20:22:24.137" endtime="20220316 20:22:24.142"/>
</kw>
<status status="FAIL" starttime="20220316 20:22:24.117" endtime="20220316 20:22:24.144">No keyword with name '[Tags] contador2' found.</status>
</test>
<doc>lista com repetição "for"</doc>
<status status="FAIL" starttime="20220316 20:22:23.785" endtime="20220316 20:22:24.193"/>
</suite>
<statistics>
<total>
<stat pass="3" fail="1" skip="0">All Tests</stat>
</total>
<tag>
<stat pass="1" fail="0" skip="0">contador</stat>
<stat pass="1" fail="0" skip="0">listaalunos</stat>
<stat pass="1" fail="0" skip="0">listafrutas</stat>
</tag>
<suite>
<stat pass="3" fail="1" skip="0" id="s1" name="Listaalunos">Listaalunos</stat>
</suite>
</statistics>
<errors>
</errors>
</robot>
