<?xml version="1.0" encoding="UTF-8"?>
<robot generator="Robot 4.1.3 (Python 3.8.6 on win32)" generated="20220315 20:12:00.829" rpa="false" schemaversion="2">
<suite id="s1" name="Listas" source="C:\AutomationTrainning\Listas.robot">
<test id="s1-t1" name="Caso01: Manipulando variável simples">
<kw name="Set Variable" library="BuiltIn">
<var>${nome}</var>
<arg>Caio</arg>
<doc>Returns the given values which can then be assigned to a variables.</doc>
<msg timestamp="20220315 20:12:00.930" level="INFO">${nome} = Caio</msg>
<status status="PASS" starttime="20220315 20:12:00.929" endtime="20220315 20:12:00.930"/>
</kw>
<kw name="Set Variable" library="BuiltIn">
<var>${sobrenome}</var>
<arg>Monsores</arg>
<doc>Returns the given values which can then be assigned to a variables.</doc>
<msg timestamp="20220315 20:12:00.931" level="INFO">${sobrenome} = Monsores</msg>
<status status="PASS" starttime="20220315 20:12:00.931" endtime="20220315 20:12:00.931"/>
</kw>
<kw name="Log To Console" library="BuiltIn">
<arg>${nome}</arg>
<doc>Logs the given message to the console.</doc>
<status status="PASS" starttime="20220315 20:12:00.932" endtime="20220315 20:12:00.947"/>
</kw>
<kw name="Log To Console" library="BuiltIn">
<arg>${sobrenome}</arg>
<doc>Logs the given message to the console.</doc>
<status status="PASS" starttime="20220315 20:12:00.965" endtime="20220315 20:12:00.982"/>
</kw>
<tag>variavel</tag>
<status status="PASS" starttime="20220315 20:12:00.928" endtime="20220315 20:12:00.992"/>
</test>
<test id="s1-t2" name="Caso02: Manipulando variável simples">
<kw name="Set Variable" library="BuiltIn">
<var>${nome}</var>
<arg>Caio</arg>
<doc>Returns the given values which can then be assigned to a variables.</doc>
<msg timestamp="20220315 20:12:01.013" level="INFO">${nome} = Caio</msg>
<status status="PASS" starttime="20220315 20:12:01.013" endtime="20220315 20:12:01.013"/>
</kw>
<kw name="Log To Console" library="BuiltIn">
<arg>${nome}</arg>
<doc>Logs the given message to the console.</doc>
<status status="PASS" starttime="20220315 20:12:01.015" endtime="20220315 20:12:01.018"/>
</kw>
<tag>variavel</tag>
<status status="PASS" starttime="20220315 20:12:00.999" endtime="20220315 20:12:01.030"/>
</test>
<test id="s1-t3" name="Caso03: Manipulando Lista">
<kw name="Log To Console" library="BuiltIn">
<arg>${Alunos}</arg>
<doc>Logs the given message to the console.</doc>
<status status="PASS" starttime="20220315 20:12:01.045" endtime="20220315 20:12:01.048"/>
</kw>
<kw name="Log To Console" library="BuiltIn">
<arg>${Alunos[2]}</arg>
<doc>Logs the given message to the console.</doc>
<status status="PASS" starttime="20220315 20:12:01.049" endtime="20220315 20:12:01.061"/>
</kw>
<tag>lista</tag>
<status status="PASS" starttime="20220315 20:12:01.034" endtime="20220315 20:12:01.062"/>
</test>
<test id="s1-t4" name="Caso04: Manipulando Dicionarios">
<kw name="Log To Console" library="BuiltIn">
<arg>${Carros.nome}</arg>
<doc>Logs the given message to the console.</doc>
<status status="PASS" starttime="20220315 20:12:01.066" endtime="20220315 20:12:01.080"/>
</kw>
<status status="PASS" starttime="20220315 20:12:01.066" endtime="20220315 20:12:01.081"/>
</test>
<doc>Lista de exercicos do material</doc>
<status status="PASS" starttime="20220315 20:12:00.833" endtime="20220315 20:12:01.097"/>
</suite>
<statistics>
<total>
<stat pass="4" fail="0" skip="0">All Tests</stat>
</total>
<tag>
<stat pass="1" fail="0" skip="0">lista</stat>
<stat pass="2" fail="0" skip="0">variavel</stat>
</tag>
<suite>
<stat pass="4" fail="0" skip="0" id="s1" name="Listas">Listas</stat>
</suite>
</statistics>
<errors>
</errors>
</robot>
