<?xml version="1.0" encoding="UTF-8"?>
<robot generator="Robot 4.1.3 (Python 3.8.6 on win32)" generated="20220317 09:52:46.071" rpa="false" schemaversion="2">
<suite id="s1" name="Coletareview" source="C:\AutomationTrainning\coletareview.robot">
<test id="s1-t1" name="Case01: Reviews">
<kw name="Set Variable" library="BuiltIn">
<var>${source}</var>
<arg>"Ifood"</arg>
<doc>Returns the given values which can then be assigned to a variables.</doc>
<msg timestamp="20220317 09:52:46.119" level="INFO">${source} = "Ifood"</msg>
<status status="PASS" starttime="20220317 09:52:46.119" endtime="20220317 09:52:46.119"/>
</kw>
<if>
<branch type="IF" condition="${source} =='Ifood'">
<kw name="Log To Console" library="BuiltIn">
<arg>Reviews Ifood coletados</arg>
<doc>Logs the given message to the console.</doc>
<status status="PASS" starttime="20220317 09:52:46.119" endtime="20220317 09:52:46.119"/>
</kw>
<status status="PASS" starttime="20220317 09:52:46.119" endtime="20220317 09:52:46.119"/>
</branch>
<branch type="ELSE IF" condition="${source} ==&quot;Google&quot;">
<kw name="Log To Console" library="BuiltIn">
<arg>Reviews Google não coletados</arg>
<doc>Logs the given message to the console.</doc>
<status status="NOT RUN" starttime="20220317 09:52:46.119" endtime="20220317 09:52:46.119"/>
</kw>
<status status="NOT RUN" starttime="20220317 09:52:46.119" endtime="20220317 09:52:46.119"/>
</branch>
<branch type="ELSE">
<kw name="Log To Console" library="BuiltIn">
<arg>Reviews não coletados!</arg>
<doc>Logs the given message to the console.</doc>
<status status="NOT RUN" starttime="20220317 09:52:46.119" endtime="20220317 09:52:46.119"/>
</kw>
<status status="NOT RUN" starttime="20220317 09:52:46.119" endtime="20220317 09:52:46.119"/>
</branch>
<status status="PASS" starttime="20220317 09:52:46.119" endtime="20220317 09:52:46.119"/>
</if>
<tag>reviews</tag>
<status status="PASS" starttime="20220317 09:52:46.119" endtime="20220317 09:52:46.119"/>
</test>
<doc>Coleta de Reviews Ifood</doc>
<status status="PASS" starttime="20220317 09:52:46.071" endtime="20220317 09:52:46.127"/>
</suite>
<statistics>
<total>
<stat pass="1" fail="0" skip="0">All Tests</stat>
</total>
<tag>
<stat pass="1" fail="0" skip="0">reviews</stat>
</tag>
<suite>
<stat pass="1" fail="0" skip="0" id="s1" name="Coletareview">Coletareview</stat>
</suite>
</statistics>
<errors>
</errors>
</robot>
