<?xml version="1.0" encoding="UTF-8"?>
<robot generator="Robot 4.1.3 (Python 3.8.6 on win32)" generated="20220316 10:33:56.176" rpa="false" schemaversion="2">
<suite id="s1" name="Frutas" source="C:\AutomationTrainning\frutas.robot">
<test id="s1-t1" name="Caso03: Manipulando Lista">
<kw name="Log To Console" library="BuiltIn">
<arg>${Frutas}</arg>
<doc>Logs the given message to the console.</doc>
<status status="PASS" starttime="20220316 10:33:56.237" endtime="20220316 10:33:56.240"/>
</kw>
<tag>Frutas</tag>
<status status="PASS" starttime="20220316 10:33:56.236" endtime="20220316 10:33:56.244"/>
</test>
<doc>Lista de exercicos Frutas</doc>
<status status="PASS" starttime="20220316 10:33:56.180" endtime="20220316 10:33:56.258"/>
</suite>
<statistics>
<total>
<stat pass="1" fail="0" skip="0">All Tests</stat>
</total>
<tag>
<stat pass="1" fail="0" skip="0">Frutas</stat>
</tag>
<suite>
<stat pass="1" fail="0" skip="0" id="s1" name="Frutas">Frutas</stat>
</suite>
</statistics>
<errors>
</errors>
</robot>
