<?xml version="1.0" encoding="UTF-8"?>
<robot generator="Robot 4.1.3 (Python 3.8.6 on win32)" generated="20220316 20:11:54.546" rpa="false" schemaversion="2">
<suite id="s1" name="Listaalunos" source="C:\AutomationTrainning\listaalunos.robot">
<test id="s1-t1" name="Caso01: Lendo minha lista de Alunos">
<for flavor="IN">
<var>${item}</var>
<value>@{Alunos}</value>
<iter>
<var name="${item}">Carlos</var>
<kw name="Log To Console" library="BuiltIn">
<arg>Exibindo meus Alunos:${item}</arg>
<doc>Logs the given message to the console.</doc>
<status status="PASS" starttime="20220316 20:11:54.756" endtime="20220316 20:11:54.833"/>
</kw>
<status status="PASS" starttime="20220316 20:11:54.756" endtime="20220316 20:11:54.833"/>
</iter>
<iter>
<var name="${item}">Marcos</var>
<kw name="Log To Console" library="BuiltIn">
<arg>Exibindo meus Alunos:${item}</arg>
<doc>Logs the given message to the console.</doc>
<status status="PASS" starttime="20220316 20:11:54.844" endtime="20220316 20:11:54.857"/>
</kw>
<status status="PASS" starttime="20220316 20:11:54.833" endtime="20220316 20:11:54.857"/>
</iter>
<iter>
<var name="${item}">Maria</var>
<kw name="Log To Console" library="BuiltIn">
<arg>Exibindo meus Alunos:${item}</arg>
<doc>Logs the given message to the console.</doc>
<status status="PASS" starttime="20220316 20:11:54.857" endtime="20220316 20:11:54.864"/>
</kw>
<status status="PASS" starttime="20220316 20:11:54.857" endtime="20220316 20:11:54.864"/>
</iter>
<iter>
<var name="${item}">Marcela</var>
<kw name="Log To Console" library="BuiltIn">
<arg>Exibindo meus Alunos:${item}</arg>
<doc>Logs the given message to the console.</doc>
<status status="PASS" starttime="20220316 20:11:54.865" endtime="20220316 20:11:54.875"/>
</kw>
<status status="PASS" starttime="20220316 20:11:54.864" endtime="20220316 20:11:54.876"/>
</iter>
<iter>
<var name="${item}">Joana</var>
<kw name="Log To Console" library="BuiltIn">
<arg>Exibindo meus Alunos:${item}</arg>
<doc>Logs the given message to the console.</doc>
<status status="PASS" starttime="20220316 20:11:54.876" endtime="20220316 20:11:54.891"/>
</kw>
<status status="PASS" starttime="20220316 20:11:54.876" endtime="20220316 20:11:54.892"/>
</iter>
<status status="PASS" starttime="20220316 20:11:54.750" endtime="20220316 20:11:54.892"/>
</for>
<tag>listaalunos</tag>
<status status="PASS" starttime="20220316 20:11:54.739" endtime="20220316 20:11:54.892"/>
</test>
<test id="s1-t2" name="Caso02: lendo minha lista de Frutas">
<for flavor="IN">
<var>${item}</var>
<value>@{frutas}</value>
<iter>
<var name="${item}">Banana</var>
<kw name="Log To Console" library="BuiltIn">
<arg>Exibindo minhas frutas:${item}</arg>
<doc>Logs the given message to the console.</doc>
<status status="PASS" starttime="20220316 20:11:54.916" endtime="20220316 20:11:54.932"/>
</kw>
<status status="PASS" starttime="20220316 20:11:54.915" endtime="20220316 20:11:54.932"/>
</iter>
<iter>
<var name="${item}">Maça</var>
<kw name="Log To Console" library="BuiltIn">
<arg>Exibindo minhas frutas:${item}</arg>
<doc>Logs the given message to the console.</doc>
<status status="PASS" starttime="20220316 20:11:54.941" endtime="20220316 20:11:54.943"/>
</kw>
<status status="PASS" starttime="20220316 20:11:54.940" endtime="20220316 20:11:54.943"/>
</iter>
<iter>
<var name="${item}">Manga</var>
<kw name="Log To Console" library="BuiltIn">
<arg>Exibindo minhas frutas:${item}</arg>
<doc>Logs the given message to the console.</doc>
<status status="PASS" starttime="20220316 20:11:54.944" endtime="20220316 20:11:54.946"/>
</kw>
<status status="PASS" starttime="20220316 20:11:54.943" endtime="20220316 20:11:54.946"/>
</iter>
<iter>
<var name="${item}">Morango</var>
<kw name="Log To Console" library="BuiltIn">
<arg>Exibindo minhas frutas:${item}</arg>
<doc>Logs the given message to the console.</doc>
<status status="PASS" starttime="20220316 20:11:54.946" endtime="20220316 20:11:54.957"/>
</kw>
<status status="PASS" starttime="20220316 20:11:54.946" endtime="20220316 20:11:54.957"/>
</iter>
<status status="PASS" starttime="20220316 20:11:54.915" endtime="20220316 20:11:54.957"/>
</for>
<tag>listafrutas</tag>
<status status="PASS" starttime="20220316 20:11:54.910" endtime="20220316 20:11:54.959"/>
</test>
<test id="s1-t3" name="Caso0: Contando numeros de 0 a 9">
<for flavor="IN RANGE">
<var>${Count}</var>
<value>0</value>
<value>9</value>
<iter>
<var name="${Count}">0</var>
<kw name="Log To Console" library="BuiltIn">
<arg>Numero:${Count}</arg>
<doc>Logs the given message to the console.</doc>
<status status="PASS" starttime="20220316 20:11:54.974" endtime="20220316 20:11:54.982"/>
</kw>
<status status="PASS" starttime="20220316 20:11:54.974" endtime="20220316 20:11:54.982"/>
</iter>
<iter>
<var name="${Count}">1</var>
<kw name="Log To Console" library="BuiltIn">
<arg>Numero:${Count}</arg>
<doc>Logs the given message to the console.</doc>
<status status="PASS" starttime="20220316 20:11:54.982" endtime="20220316 20:11:55.013"/>
</kw>
<status status="PASS" starttime="20220316 20:11:54.982" endtime="20220316 20:11:55.014"/>
</iter>
<iter>
<var name="${Count}">2</var>
<kw name="Log To Console" library="BuiltIn">
<arg>Numero:${Count}</arg>
<doc>Logs the given message to the console.</doc>
<status status="PASS" starttime="20220316 20:11:55.014" endtime="20220316 20:11:55.028"/>
</kw>
<status status="PASS" starttime="20220316 20:11:55.014" endtime="20220316 20:11:55.028"/>
</iter>
<iter>
<var name="${Count}">3</var>
<kw name="Log To Console" library="BuiltIn">
<arg>Numero:${Count}</arg>
<doc>Logs the given message to the console.</doc>
<status status="PASS" starttime="20220316 20:11:55.029" endtime="20220316 20:11:55.032"/>
</kw>
<status status="PASS" starttime="20220316 20:11:55.028" endtime="20220316 20:11:55.032"/>
</iter>
<iter>
<var name="${Count}">4</var>
<kw name="Log To Console" library="BuiltIn">
<arg>Numero:${Count}</arg>
<doc>Logs the given message to the console.</doc>
<status status="PASS" starttime="20220316 20:11:55.033" endtime="20220316 20:11:55.044"/>
</kw>
<status status="PASS" starttime="20220316 20:11:55.032" endtime="20220316 20:11:55.045"/>
</iter>
<iter>
<var name="${Count}">5</var>
<kw name="Log To Console" library="BuiltIn">
<arg>Numero:${Count}</arg>
<doc>Logs the given message to the console.</doc>
<status status="PASS" starttime="20220316 20:11:55.045" endtime="20220316 20:11:55.047"/>
</kw>
<status status="PASS" starttime="20220316 20:11:55.045" endtime="20220316 20:11:55.048"/>
</iter>
<iter>
<var name="${Count}">6</var>
<kw name="Log To Console" library="BuiltIn">
<arg>Numero:${Count}</arg>
<doc>Logs the given message to the console.</doc>
<status status="PASS" starttime="20220316 20:11:55.049" endtime="20220316 20:11:55.062"/>
</kw>
<status status="PASS" starttime="20220316 20:11:55.048" endtime="20220316 20:11:55.063"/>
</iter>
<iter>
<var name="${Count}">7</var>
<kw name="Log To Console" library="BuiltIn">
<arg>Numero:${Count}</arg>
<doc>Logs the given message to the console.</doc>
<status status="PASS" starttime="20220316 20:11:55.063" endtime="20220316 20:11:55.066"/>
</kw>
<status status="PASS" starttime="20220316 20:11:55.063" endtime="20220316 20:11:55.067"/>
</iter>
<iter>
<var name="${Count}">8</var>
<kw name="Log To Console" library="BuiltIn">
<arg>Numero:${Count}</arg>
<doc>Logs the given message to the console.</doc>
<status status="PASS" starttime="20220316 20:11:55.076" endtime="20220316 20:11:55.079"/>
</kw>
<status status="PASS" starttime="20220316 20:11:55.067" endtime="20220316 20:11:55.079"/>
</iter>
<status status="PASS" starttime="20220316 20:11:54.973" endtime="20220316 20:11:55.079"/>
</for>
<tag>contador</tag>
<status status="PASS" starttime="20220316 20:11:54.966" endtime="20220316 20:11:55.080"/>
</test>
<doc>lista com repetição "for"</doc>
<status status="PASS" starttime="20220316 20:11:54.557" endtime="20220316 20:11:55.107"/>
</suite>
<statistics>
<total>
<stat pass="3" fail="0" skip="0">All Tests</stat>
</total>
<tag>
<stat pass="1" fail="0" skip="0">contador</stat>
<stat pass="1" fail="0" skip="0">listaalunos</stat>
<stat pass="1" fail="0" skip="0">listafrutas</stat>
</tag>
<suite>
<stat pass="3" fail="0" skip="0" id="s1" name="Listaalunos">Listaalunos</stat>
</suite>
</statistics>
<errors>
</errors>
</robot>
