<?xml version="1.0" encoding="UTF-8"?>
<robot generator="Robot 4.1.3 (Python 3.8.6 on win32)" generated="20220316 17:06:15.022" rpa="false" schemaversion="2">
<suite id="s1" name="Cases" source="C:\AutomationTrainning\cases.robot">
<test id="s1-t1" name="Caso01: Manipulando variável simples">
<kw name="Set Variable" library="BuiltIn">
<var>${nome}</var>
<arg>Caio</arg>
<doc>Returns the given values which can then be assigned to a variables.</doc>
<msg timestamp="20220316 17:06:15.252" level="INFO">${nome} = Caio</msg>
<status status="PASS" starttime="20220316 17:06:15.251" endtime="20220316 17:06:15.252"/>
</kw>
<kw name="Set Variable" library="BuiltIn">
<var>${sobrenome}</var>
<arg>Monsores</arg>
<doc>Returns the given values which can then be assigned to a variables.</doc>
<msg timestamp="20220316 17:06:15.318" level="INFO">${sobrenome} = Monsores</msg>
<status status="PASS" starttime="20220316 17:06:15.318" endtime="20220316 17:06:15.319"/>
</kw>
<kw name="Log To Console" library="BuiltIn">
<arg>${nome}</arg>
<doc>Logs the given message to the console.</doc>
<status status="PASS" starttime="20220316 17:06:15.359" endtime="20220316 17:06:15.411"/>
</kw>
<kw name="Log To Console" library="BuiltIn">
<arg>${sobrenome}</arg>
<doc>Logs the given message to the console.</doc>
<status status="PASS" starttime="20220316 17:06:15.412" endtime="20220316 17:06:15.445"/>
</kw>
<tag>NomeSobrenome</tag>
<status status="PASS" starttime="20220316 17:06:15.161" endtime="20220316 17:06:15.451"/>
</test>
<test id="s1-t2" name="Caso02: Manipulando variável simples">
<kw name="Set Variable" library="BuiltIn">
<var>${nome}</var>
<arg>Caio</arg>
<doc>Returns the given values which can then be assigned to a variables.</doc>
<msg timestamp="20220316 17:06:15.542" level="INFO">${nome} = Caio</msg>
<status status="PASS" starttime="20220316 17:06:15.541" endtime="20220316 17:06:15.542"/>
</kw>
<kw name="Log To Console" library="BuiltIn">
<arg>${nome}</arg>
<doc>Logs the given message to the console.</doc>
<status status="PASS" starttime="20220316 17:06:15.651" endtime="20220316 17:06:15.667"/>
</kw>
<tag>nome</tag>
<status status="PASS" starttime="20220316 17:06:15.462" endtime="20220316 17:06:15.708"/>
</test>
<test id="s1-t3" name="Caso03: Manipulando Lista Alunos">
<kw name="Log To Console" library="BuiltIn">
<arg>${Alunos}</arg>
<doc>Logs the given message to the console.</doc>
<status status="PASS" starttime="20220316 17:06:15.717" endtime="20220316 17:06:15.751"/>
</kw>
<kw name="Log To Console" library="BuiltIn">
<arg>${Alunos[2]}</arg>
<doc>Logs the given message to the console.</doc>
<status status="PASS" starttime="20220316 17:06:15.792" endtime="20220316 17:06:15.899"/>
</kw>
<tag>listaalunos</tag>
<status status="PASS" starttime="20220316 17:06:15.712" endtime="20220316 17:06:16.041"/>
</test>
<test id="s1-t4" name="Caso03: Manipulando Lista Frutas">
<kw name="Log To Console" library="BuiltIn">
<arg>${Frutas}</arg>
<doc>Logs the given message to the console.</doc>
<status status="PASS" starttime="20220316 17:06:16.150" endtime="20220316 17:06:16.277"/>
</kw>
<tag>listaFrutas</tag>
<status status="PASS" starttime="20220316 17:06:16.127" endtime="20220316 17:06:16.341"/>
</test>
<test id="s1-t5" name="Caso04: Manipulando Dicionarios">
<kw name="Log To Console" library="BuiltIn">
<arg>${Carros.nome2}</arg>
<doc>Logs the given message to the console.</doc>
<status status="PASS" starttime="20220316 17:06:16.443" endtime="20220316 17:06:16.465"/>
</kw>
<kw name="Log To Console" library="BuiltIn">
<arg>${Carros.nome1}</arg>
<doc>Logs the given message to the console.</doc>
<status status="PASS" starttime="20220316 17:06:16.665" endtime="20220316 17:06:16.673"/>
</kw>
<tag>Dicionario</tag>
<status status="PASS" starttime="20220316 17:06:16.441" endtime="20220316 17:06:16.771"/>
</test>
<test id="s1-t6" name="Caso05: Indentificando posição de item numa lista">
<kw name="Get Index From List" library="Collections">
<var>${index}</var>
<arg>${Alunos}</arg>
<arg>Carlos</arg>
<doc>Returns the index of the first occurrence of the ``value`` on the list.</doc>
<msg timestamp="20220316 17:06:16.862" level="INFO">${index} = 1</msg>
<status status="PASS" starttime="20220316 17:06:16.861" endtime="20220316 17:06:16.862"/>
</kw>
<kw name="Log To Console" library="BuiltIn">
<arg>${index}</arg>
<doc>Logs the given message to the console.</doc>
<status status="PASS" starttime="20220316 17:06:16.869" endtime="20220316 17:06:16.900"/>
</kw>
<tag>posiçãodalista</tag>
<status status="PASS" starttime="20220316 17:06:16.846" endtime="20220316 17:06:16.925"/>
</test>
<test id="s1-t7" name="Caso06: Alterando itens da lista Alunos">
<kw name="Get Index From List" library="Collections">
<var>${index}</var>
<arg>${Alunos}</arg>
<arg>Carlos</arg>
<doc>Returns the index of the first occurrence of the ``value`` on the list.</doc>
<msg timestamp="20220316 17:06:16.969" level="INFO">${index} = 1</msg>
<status status="PASS" starttime="20220316 17:06:16.967" endtime="20220316 17:06:16.969"/>
</kw>
<kw name="Set List Value" library="Collections">
<arg>${Alunos}</arg>
<arg>${index}</arg>
<arg>Lucia</arg>
<doc>Sets the value of ``list`` specified by ``index`` to the given ``value``.</doc>
<status status="PASS" starttime="20220316 17:06:16.986" endtime="20220316 17:06:16.987"/>
</kw>
<kw name="Log To Console" library="BuiltIn">
<arg>${Alunos}</arg>
<doc>Logs the given message to the console.</doc>
<status status="PASS" starttime="20220316 17:06:17.111" endtime="20220316 17:06:17.179"/>
</kw>
<tag>Alteraritem</tag>
<status status="PASS" starttime="20220316 17:06:16.929" endtime="20220316 17:06:17.192"/>
</test>
<test id="s1-t8" name="Caso07: Somando dois numeros">
<kw name="Somar dois numeros">
<var>${Resultado}</var>
<arg>10</arg>
<arg>10</arg>
<kw name="Evaluate" library="BuiltIn">
<var>${soma}</var>
<arg>${num_a}+${num_b}</arg>
<doc>Evaluates the given expression in Python and returns the result.</doc>
<msg timestamp="20220316 17:06:17.538" level="INFO">${soma} = 20</msg>
<status status="PASS" starttime="20220316 17:06:17.536" endtime="20220316 17:06:17.538"/>
</kw>
<msg timestamp="20220316 17:06:17.538" level="INFO">${Resultado} = 20</msg>
<status status="PASS" starttime="20220316 17:06:17.526" endtime="20220316 17:06:17.538"/>
</kw>
<kw name="Log To Console" library="BuiltIn">
<arg>${Resultado}</arg>
<doc>Logs the given message to the console.</doc>
<status status="PASS" starttime="20220316 17:06:17.559" endtime="20220316 17:06:17.579"/>
</kw>
<tag>soma</tag>
<status status="PASS" starttime="20220316 17:06:17.450" endtime="20220316 17:06:17.602"/>
</test>
<test id="s1-t9" name="Caso08: Dividir dois numeros">
<kw name="Dividir dois numeros">
<var>${Resultado}</var>
<arg>2000</arg>
<arg>100</arg>
<kw name="Evaluate" library="BuiltIn">
<var>${Dividir}</var>
<arg>${num_a}/${num_b}</arg>
<doc>Evaluates the given expression in Python and returns the result.</doc>
<msg timestamp="20220316 17:06:17.958" level="INFO">${Dividir} = 20.0</msg>
<status status="PASS" starttime="20220316 17:06:17.957" endtime="20220316 17:06:17.958"/>
</kw>
<msg timestamp="20220316 17:06:17.959" level="INFO">${Resultado} = 20.0</msg>
<status status="PASS" starttime="20220316 17:06:17.946" endtime="20220316 17:06:17.959"/>
</kw>
<kw name="Log To Console" library="BuiltIn">
<arg>${Resultado}</arg>
<doc>Logs the given message to the console.</doc>
<status status="PASS" starttime="20220316 17:06:17.988" endtime="20220316 17:06:18.039"/>
</kw>
<tag>dividir</tag>
<status status="PASS" starttime="20220316 17:06:17.905" endtime="20220316 17:06:18.159"/>
</test>
<doc>Lista de exercicos do material</doc>
<status status="PASS" starttime="20220316 17:06:15.028" endtime="20220316 17:06:18.192"/>
</suite>
<statistics>
<total>
<stat pass="9" fail="0" skip="0">All Tests</stat>
</total>
<tag>
<stat pass="1" fail="0" skip="0">Alteraritem</stat>
<stat pass="1" fail="0" skip="0">Dicionario</stat>
<stat pass="1" fail="0" skip="0">dividir</stat>
<stat pass="1" fail="0" skip="0">listaalunos</stat>
<stat pass="1" fail="0" skip="0">listaFrutas</stat>
<stat pass="1" fail="0" skip="0">nome</stat>
<stat pass="1" fail="0" skip="0">NomeSobrenome</stat>
<stat pass="1" fail="0" skip="0">posiçãodalista</stat>
<stat pass="1" fail="0" skip="0">soma</stat>
</tag>
<suite>
<stat pass="9" fail="0" skip="0" id="s1" name="Cases">Cases</stat>
</suite>
</statistics>
<errors>
</errors>
</robot>
