<?xml version="1.0" encoding="UTF-8"?>
<robot generator="Robot 4.1.3 (Python 3.8.6 on win32)" generated="20220316 19:34:24.956" rpa="false" schemaversion="2">
<suite id="s1" name="Ex04" source="C:\AutomationTrainning\ex04.robot">
<test id="s1-t1" name="Caso 01: Chamando metodo atraves de Keyword">
<kw name="Criando email para usuario">
<var>${email}</var>
<arg>Caio</arg>
<arg>Monsores</arg>
<arg>30</arg>
<kw name="Catenate" library="BuiltIn">
<var>${email}</var>
<arg>${nome}_${sobrenome}_${idade}@gmail.com</arg>
<doc>Catenates the given items together and returns the resulted string.</doc>
<msg timestamp="20220316 19:34:25.016" level="INFO">${email} = Caio_Monsores_30@gmail.com</msg>
<status status="PASS" starttime="20220316 19:34:25.014" endtime="20220316 19:34:25.016"/>
</kw>
<msg timestamp="20220316 19:34:25.017" level="INFO">${email} = Caio_Monsores_30@gmail.com</msg>
<status status="PASS" starttime="20220316 19:34:25.013" endtime="20220316 19:34:25.017"/>
</kw>
<kw name="Log To Console" library="BuiltIn">
<arg>${email}</arg>
<doc>Logs the given message to the console.</doc>
<status status="PASS" starttime="20220316 19:34:25.018" endtime="20220316 19:34:25.028"/>
</kw>
<tag>email</tag>
<status status="PASS" starttime="20220316 19:34:25.012" endtime="20220316 19:34:25.037"/>
</test>
<doc>Exercicio de Keyword</doc>
<status status="PASS" starttime="20220316 19:34:24.960" endtime="20220316 19:34:25.049"/>
</suite>
<statistics>
<total>
<stat pass="1" fail="0" skip="0">All Tests</stat>
</total>
<tag>
<stat pass="1" fail="0" skip="0">email</stat>
</tag>
<suite>
<stat pass="1" fail="0" skip="0" id="s1" name="Ex04">Ex04</stat>
</suite>
</statistics>
<errors>
</errors>
</robot>
